09-03-2017 13:09:30 Guest : POST /rest/login
09-03-2017 13:09:30 user1@gmail.com : GET /rest/user/38
09-03-2017 13:12:34 Guest : GET /rest/login
09-03-2017 13:14:01 Guest : GET /rest/task
09-03-2017 13:14:13 Guest : GET /rest/login
09-03-2017 13:14:14 Guest : GET /rest/new_user
09-03-2017 13:14:17 Guest : GET /rest/login
09-03-2017 13:14:23 Guest : GET /rest/new_user
09-03-2017 13:14:40 Guest : GET /rest/login
09-03-2017 13:19:50 Guest : GET /rest/login
09-03-2017 13:19:54 Guest : POST /rest/login
09-03-2017 13:19:54 user1@gmail.com : GET /rest/user/38
09-03-2017 13:20:02 user1@gmail.com : GET /rest/user/38
09-03-2017 13:20:03 user1@gmail.com : GET /rest/user/38
09-03-2017 13:20:06 user1@gmail.com : GET /rest/user/38
09-03-2017 13:20:12 Guest : GET /rest/login
09-03-2017 13:25:16 Guest : GET /rest/login
09-03-2017 13:26:00 Guest : POST /rest/login
09-03-2017 13:26:00 exception.email_password
14-03-2017 13:15:51 Guest : GET /
14-03-2017 13:15:54 Guest : GET /welcome.png
14-03-2017 13:15:54 Guest : GET /css/bootstrap.min.css
14-03-2017 13:15:54 Guest : GET /js/bootstrap.min.js
14-03-2017 13:16:01 Guest : GET /rest/login
14-03-2017 13:16:18 Guest : POST /rest/login
14-03-2017 13:16:33 Guest : POST /rest/login
14-03-2017 13:16:35 Guest : GET /rest/home
14-03-2017 13:16:38 Guest : GET /rest/login
14-03-2017 13:16:41 Guest : GET /rest/home
14-03-2017 13:16:51 Guest : GET /rest/login
14-03-2017 13:17:07 Guest : POST /rest/reregistration
14-03-2017 13:17:09 Guest : GET /
14-03-2017 13:17:24 Guest : GET /                                                                                                                                                                                                                                                                                                                                                                                                                                                                                                                                                                                                                                                                                                                                                                                                                                                                                                                                                                                                                                                                                                                                                                                                                                                                                                                                                                                                                                                                                                                                                                                                                                                                                                                                                                                                                                                                                                                                                                                                                                                                                                                                                                                                                                                                                                                                                                                                                                                                                                                                                                                                                                                                                                                                                                                                                                                                                                                                                                                                                                                                                                                                                                                                                                                                                                                                                                                                                                                                                                                                                                                                                                                                                                                                                                                                                                                                                                                                                                                                                                                                                                                                                                                                                                                                                                                                                                                                                                                                                                                                                                                                                                                                                                                                                                                                                                                                                                                                                                                                                                                                                                                                                                                                                                                                                                                                                                                                                                                                                                                                                                                                                                                                                                                                                                                                                                                                                                                                                                                                                                                                                                                                                                                                                                                                                                                                                                                                                                                                                                                                                                                                                                                                                                                                                                                                                                                                                                                                                                                                                                                                                                                                                                                                                                                                                                                                                                                                                                                                                                                                                                                                                                                                                                          14-03-2017 13:19:48 Guest : GET /
14-03-2017 13:19:48 Guest : GET /css/bootstrap.min.css
14-03-2017 13:19:48 Guest : GET /welcome.png
14-03-2017 13:19:48 Guest : GET /js/bootstrap.min.js
14-03-2017 13:19:50 Guest : GET /rest/login
14-03-2017 13:25:38 Guest : GET /rest/home
14-03-2017 13:29:03 Guest : GET /rest/login
14-03-2017 13:29:10 Guest : POST /rest/login
14-03-2017 13:29:10 user2@gmail.com : GET /rest/user/39
14-03-2017 13:29:12 user2@gmail.com : GET /rest/user/39
14-03-2017 13:29:15 user2@gmail.com : GET /rest/user/39
14-03-2017 13:29:18 user2@gmail.com : GET /rest/user/39
14-03-2017 13:29:19 user2@gmail.com : GET /rest/user/39
14-03-2017 13:29:19 user2@gmail.com : GET /rest/user/39
14-03-2017 13:29:20 user2@gmail.com : GET /rest/user/39
14-03-2017 13:29:20 user2@gmail.com : GET /rest/user/39
14-03-2017 13:29:22 user2@gmail.com : GET /rest/user/39
14-03-2017 13:29:23 user2@gmail.com : GET /rest/user/39
14-03-2017 13:29:25 user2@gmail.com : GET /rest/user/39
14-03-2017 13:29:26 Guest : GET /rest/login
14-03-2017 13:46:09 Guest : GET /rest/login
14-03-2017 13:47:39 Guest : GET /rest/home
14-03-2017 13:47:44 Guest : GET /rest/login
14-03-2017 13:47:56 Guest : GET /rest/task
14-03-2017 13:48:00 Guest : GET /rest/home
14-03-2017 13:48:25 Guest : GET /rest/home
14-03-2017 13:48:27 Guest : GET /rest/login
14-03-2017 14:14:46 Guest : GET /rest/login14-03-2017 14:20:36 Guest : GET /rest/home
14-03-2017 14:20:39 Guest : GET /rest/login
14-03-2017 14:20:44 Guest : POST /rest/login
14-03-2017 14:20:44 user2@gmail.com : GET /rest/user/39
14-03-2017 14:20:46 user2@gmail.com : GET /rest/task
14-03-2017 14:20:47 user2@gmail.com : GET /rest/user/application
14-03-2017 14:20:48 user2@gmail.com : GET /rest/task
14-03-2017 14:20:49 user2@gmail.com : GET /rest/user/39
14-03-2017 14:20:49 user2@gmail.com : GET /rest/user/application
14-03-2017 14:20:51 user2@gmail.com : GET /rest/new_application
14-03-2017 14:20:52 user2@gmail.com : GET /rest/task
14-03-2017 14:20:57 user2@gmail.com : GET /rest/user/39
14-03-2017 14:21:01 Guest : GET /rest/login
14-03-2017 14:21:06 Guest : POST /rest/login
14-03-2017 14:21:06 exception.email_password
ua.training.exception.ServiceException
	at ua.training.model.service.impl.UserServiceImpl.lambda$getServiceExceptionSupplier$2(UserServiceImpl.java:122)
	at java.util.Optional.orElseThrow(Optional.java:290)
	at ua.training.model.service.impl.UserServiceImpl.loginEmail(UserServiceImpl.java:67)
	at ua.training.controller.command.auth.PostLoginCommand.execute(PostLoginCommand.java:46)
	at ua.training.controller.servlet.FrontController.processRequest(FrontController.java:58)
	at ua.training.controller.servlet.FrontController.doPost(FrontController.java:43)
	at javax.servlet.http.HttpServlet.service(HttpServlet.java:648)
	at javax.servlet.http.HttpServlet.service(HttpServlet.java:729)
	at org.apache.catalina.core.ApplicationFilterChain.internalDoFilter(ApplicationFilterChain.java:291)
	at org.apache.catalina.core.ApplicationFilterChain.doFilter(ApplicationFilterChain.java:206)
	at org.apache.tomcat.websocket.server.WsFilter.doFilter(WsFilter.java:52)
	at org.apache.catalina.core.ApplicationFilterChain.internalDoFilter(ApplicationFilterChain.java:239)
	at org.apache.catalina.core.ApplicationFilterChain.doFilter(ApplicationFilterChain.java:206)
	at ua.training.controller.filter.ReRegistrationFilter.doFilter(ReRegistrationFilter.java:32)
	at org.apache.catalina.core.ApplicationFilterChain.internalDoFilter(ApplicationFilterChain.java:239)
	at org.apache.catalina.core.ApplicationFilterChain.doFilter(ApplicationFilterChain.java:206)
	at ua.training.controller.filter.BlockFilter.doFilter(BlockFilter.java:33)
	at org.apache.catalina.core.ApplicationFilterChain.internalDoFilter(ApplicationFilterChain.java:239)
	at org.apache.catalina.core.ApplicationFilterChain.doFilter(ApplicationFilterChain.java:206)
	at ua.training.controller.filter.LogFilter.doFilter(LogFilter.java:31)
	at org.apache.catalina.core.ApplicationFilterChain.internalDoFilter(ApplicationFilterChain.java:239)
	at org.apache.catalina.core.ApplicationFilterChain.doFilter(ApplicationFilterChain.java:206)
	at ua.training.controller.filter.TimeFilter.doFilter(TimeFilter.java:38)
	at org.apache.catalina.core.ApplicationFilterChain.internalDoFilter(ApplicationFilterChain.java:239)
	at org.apache.catalina.core.ApplicationFilterChain.doFilter(ApplicationFilterChain.java:206)
	at ua.training.controller.filter.CharsetFilter.doFilter(CharsetFilter.java:17)
	at org.apache.catalina.core.ApplicationFilterChain.internalDoFilter(ApplicationFilterChain.java:239)
	at org.apache.catalina.core.ApplicationFilterChain.doFilter(ApplicationFilterChain.java:206)
	at ua.training.controller.filter.AuthFilter.filterGuest(AuthFilter.java:120)
	at ua.training.controller.filter.AuthFilter.doFilter(AuthFilter.java:75)
	at org.apache.catalina.core.ApplicationFilterChain.internalDoFilter(ApplicationFilterChain.java:239)
	at org.apache.catalina.core.ApplicationFilterChain.doFilter(ApplicationFilterChain.java:206)
	at org.apache.catalina.core.StandardWrapperValve.invoke(StandardWrapperValve.java:212)
	at org.apache.catalina.core.StandardContextValve.invoke(StandardContextValve.java:106)
	at org.apache.catalina.core.StandardHostValve.invoke(StandardHostValve.java:141)
	at org.apache.catalina.valves.ErrorReportValve.invoke(ErrorReportValve.java:79)
	at org.apache.catalina.valves.AbstractAccessLogValve.invoke(AbstractAccessLogValve.java:616)
	at org.apache.catalina.core.StandardEngineValve.invoke(StandardEngineValve.java:88)
	at org.apache.catalina.connector.CoyoteAdapter.service(CoyoteAdapter.java:521)
	at org.apache.coyote.http11.AbstractHttp11Processor.process(AbstractHttp11Processor.java:1096)
	at org.apache.coyote.AbstractProtocol$AbstractConnectionHandler.process(AbstractProtocol.java:674)
	at org.apache.tomcat.util.net.AprEndpoint$SocketProcessor.doRun(AprEndpoint.java:2500)
	at org.apache.tomcat.util.net.AprEndpoint$SocketProcessor.run(AprEndpoint.java:2489)
	at java.util.concurrent.ThreadPoolExecutor.runWorker(ThreadPoolExecutor.java:1142)
	at java.util.concurrent.ThreadPoolExecutor$Worker.run(ThreadPoolExecutor.java:617)
	at org.apache.tomcat.util.threads.TaskThread$WrappingRunnable.run(TaskThread.java:61)
	at java.lang.Thread.run(Thread.java:745)
14-03-2017 14:21:09 Guest : POST /rest/login
14-03-2017 14:21:13 Guest : GET /rest/task
14-03-2017 14:21:14 Guest : GET /rest/home
14-03-2017 14:21:16 Guest : GET /rest/login
14-03-2017 14:21:16 Guest : GET /rest/new_user
14-03-2017 14:21:21 Guest : GET /
14-03-2017 14:21:31 Guest : POST /rest/reregistration
14-03-2017 14:21:31 exception.email_password
ua.training.exception.ServiceException
	at ua.training.model.service.impl.UserServiceImpl.lambda$getServiceExceptionSupplier$2(UserServiceImpl.java:122)
	at java.util.Optional.orElseThrow(Optional.java:290)
	at ua.training.model.service.impl.UserServiceImpl.loginEmail(UserServiceImpl.java:67)
	at ua.training.controller.command.auth.ReRegistrationCommand.execute(ReRegistrationCommand.java:55)
	at ua.training.controller.servlet.FrontController.processRequest(FrontController.java:58)
	at ua.training.controller.servlet.FrontController.doPost(FrontController.java:43)
	at javax.servlet.http.HttpServlet.service(HttpServlet.java:648)
	at javax.servlet.http.HttpServlet.service(HttpServlet.java:729)
	at org.apache.catalina.core.ApplicationFilterChain.internalDoFilter(ApplicationFilterChain.java:291)
	at org.apache.catalina.core.ApplicationFilterChain.doFilter(ApplicationFilterChain.java:206)
	at org.apache.tomcat.websocket.server.WsFilter.doFilter(WsFilter.java:52)
	at org.apache.catalina.core.ApplicationFilterChain.internalDoFilter(ApplicationFilterChain.java:239)
	at org.apache.catalina.core.ApplicationFilterChain.doFilter(ApplicationFilterChain.java:206)
	at ua.training.controller.filter.ReRegistrationFilter.doFilter(ReRegistrationFilter.java:32)
	at org.apache.catalina.core.ApplicationFilterChain.internalDoFilter(ApplicationFilterChain.java:239)
	at org.apache.catalina.core.ApplicationFilterChain.doFilter(ApplicationFilterChain.java:206)
	at ua.training.controller.filter.BlockFilter.doFilter(BlockFilter.java:33)
	at org.apache.catalina.core.ApplicationFilterChain.internalDoFilter(ApplicationFilterChain.java:239)
	at org.apache.catalina.core.ApplicationFilterChain.doFilter(ApplicationFilterChain.java:206)
	at ua.training.controller.filter.LogFilter.doFilter(LogFilter.java:31)
	at org.apache.catalina.core.ApplicationFilterChain.internalDoFilter(ApplicationFilterChain.java:239)
	at org.apache.catalina.core.ApplicationFilterChain.doFilter(ApplicationFilterChain.java:206)
	at ua.training.controller.filter.TimeFilter.doFilter(TimeFilter.java:38)
	at org.apache.catalina.core.ApplicationFilterChain.internalDoFilter(ApplicationFilterChain.java:239)
	at org.apache.catalina.core.ApplicationFilterChain.doFilter(ApplicationFilterChain.java:206)
	at ua.training.controller.filter.CharsetFilter.doFilter(CharsetFilter.java:17)
	at org.apache.catalina.core.ApplicationFilterChain.internalDoFilter(ApplicationFilterChain.java:239)
	at org.apache.catalina.core.ApplicationFilterChain.doFilter(ApplicationFilterChain.java:206)
	at ua.training.controller.filter.AuthFilter.filterGuest(AuthFilter.java:120)
	at ua.training.controller.filter.AuthFilter.doFilter(AuthFilter.java:75)
	at org.apache.catalina.core.ApplicationFilterChain.internalDoFilter(ApplicationFilterChain.java:239)
	at org.apache.catalina.core.ApplicationFilterChain.doFilter(ApplicationFilterChain.java:206)
	at org.apache.catalina.core.StandardWrapperValve.invoke(StandardWrapperValve.java:212)
	at org.apache.catalina.core.StandardContextValve.invoke(StandardContextValve.java:106)
	at org.apache.catalina.core.StandardHostValve.invoke(StandardHostValve.java:141)
	at org.apache.catalina.valves.ErrorReportValve.invoke(ErrorReportValve.java:79)
	at org.apache.catalina.valves.AbstractAccessLogValve.invoke(AbstractAccessLogValve.java:616)
	at org.apache.catalina.core.StandardEngineValve.invoke(StandardEngineValve.java:88)
	at org.apache.catalina.connector.CoyoteAdapter.service(CoyoteAdapter.java:521)
	at org.apache.coyote.http11.AbstractHttp11Processor.process(AbstractHttp11Processor.java:1096)
	at org.apache.coyote.AbstractProtocol$AbstractConnectionHandler.process(AbstractProtocol.java:674)
	at org.apache.tomcat.util.net.AprEndpoint$SocketProcessor.doRun(AprEndpoint.java:2500)
	at org.apache.tomcat.util.net.AprEndpoint$SocketProcessor.run(AprEndpoint.java:2489)
	at java.util.concurrent.ThreadPoolExecutor.runWorker(ThreadPoolExecutor.java:1142)
	at java.util.concurrent.ThreadPoolExecutor$Worker.run(ThreadPoolExecutor.java:617)
	at org.apache.tomcat.util.threads.TaskThread$WrappingRunnable.run(TaskThread.java:61)
	at java.lang.Thread.run(Thread.java:745)
14-03-2017 14:21:37 Guest : POST /rest/reregistration
14-03-2017 14:21:41 Guest : GET /
14-03-2017 14:21:44 Guest : GET /rest/login
